<?xml version="1.0" encoding="UTF-8"?>
<!-- Generated by org.testng.reporters.JUnitXMLReporter -->
<testsuite ignored="0" hostname="LAPTOP-HA74NOBF" failures="0" tests="4" name="Default test" time="8.698" errors="0" timestamp="2023-11-12T10:56:24 IST">
  <testcase classname="api.test.UserTests" name="testPostUser" time="3.403"/>
  <testcase classname="api.test.UserTests" name="testGetUser" time="1.45"/>
  <testcase classname="api.test.UserTests" name="testUpdateUser" time="1.485"/>
  <testcase classname="api.test.UserTests" name="testdeleteUser" time="1.386"/>
</testsuite> <!-- Default test -->
