<?xml version="1.0" encoding="UTF-8"?>
<testng-results ignored="0" total="4" passed="4" failed="0" skipped="0">
  <reporter-output>
  </reporter-output>
  <suite started-at="2023-11-12T10:56:15 IST" name="Default suite" finished-at="2023-11-12T10:56:24 IST" duration-ms="8698">
    <groups>
    </groups>
    <test started-at="2023-11-12T10:56:15 IST" name="Default test" finished-at="2023-11-12T10:56:24 IST" duration-ms="8698">
      <class name="api.test.UserTests">
        <test-method is-config="true" signature="setData()[pri:0, instance:api.test.UserTests@3b0fe47a]" started-at="2023-11-12T10:56:15 IST" name="setData" finished-at="2023-11-12T10:56:16 IST" duration-ms="928" status="PASS">
          <reporter-output>
          </reporter-output>
        </test-method> <!-- setData -->
        <test-method signature="testPostUser()[pri:1, instance:api.test.UserTests@3b0fe47a]" started-at="2023-11-12T10:56:16 IST" name="testPostUser" finished-at="2023-11-12T10:56:20 IST" duration-ms="3403" status="PASS">
          <reporter-output>
          </reporter-output>
        </test-method> <!-- testPostUser -->
        <test-method signature="testGetUser()[pri:2, instance:api.test.UserTests@3b0fe47a]" started-at="2023-11-12T10:56:20 IST" name="testGetUser" finished-at="2023-11-12T10:56:21 IST" duration-ms="1450" status="PASS">
          <reporter-output>
          </reporter-output>
        </test-method> <!-- testGetUser -->
        <test-method signature="testUpdateUser()[pri:3, instance:api.test.UserTests@3b0fe47a]" started-at="2023-11-12T10:56:21 IST" name="testUpdateUser" finished-at="2023-11-12T10:56:23 IST" duration-ms="1485" status="PASS">
          <reporter-output>
          </reporter-output>
        </test-method> <!-- testUpdateUser -->
        <test-method signature="testdeleteUser()[pri:4, instance:api.test.UserTests@3b0fe47a]" started-at="2023-11-12T10:56:23 IST" name="testdeleteUser" finished-at="2023-11-12T10:56:24 IST" duration-ms="1386" status="PASS">
          <reporter-output>
          </reporter-output>
        </test-method> <!-- testdeleteUser -->
      </class> <!-- api.test.UserTests -->
    </test> <!-- Default test -->
  </suite> <!-- Default suite -->
</testng-results>
