<?xml version="1.0" encoding="UTF-8"?>
<!-- Generated by org.testng.reporters.JUnitXMLReporter -->
<testsuite ignored="0" hostname="LAPTOP-HA74NOBF" failures="0" tests="4" name="Test" time="9.074" errors="0" timestamp="2023-11-12T10:22:04 IST">
  <testcase classname="api.test.UserTests" name="testPostUser" time="3.916"/>
  <testcase classname="api.test.UserTests" name="testGetUser" time="1.473"/>
  <testcase classname="api.test.UserTests" name="testUpdateUser" time="1.409"/>
  <testcase classname="api.test.UserTests" name="testdeleteUser" time="1.499"/>
</testsuite> <!-- Test -->
